
> ironforge-rpg@1.0.0 agent:test
> turbo run test

Ã”Ã‡Ã³ Running test
Ã”Ã‡Ã³ Remote caching disabled
test: cache miss, executing c8b3a90bd4c82dbc
test: 
test: > ironforge-rpg@1.0.0 test C:\Users\alexa\Workspaces\IronForge
test: > vitest run
test: 
test: 
test: [1m[46m RUN [49m[22m [36mv4.0.16 [39m[90mC:/Users/alexa/Workspaces/IronForge[39m
test: 
test: [90mstdout[2m | src/services/data/__tests__/TrainingContextService.test.ts
test: [22m[39m[dotenv@17.2.3] injecting env (2) from .env.test -- tip: Ã”ÃœÃ–Â´Â©Ã…  enable debug logging with { debug: true }
test: 
test: [90mstdout[2m | src/services/__tests__/oracle.test.ts
test: [22m[39m[dotenv@17.2.3] injecting env (2) from .env.test -- tip: Â­Æ’Ã¶Ã¤ add secrets lifecycle management: https://dotenvx.com/ops
test: 
test: [90mstdout[2m | src/actions/__tests__/titan.test.ts
test: [22m[39m[dotenv@17.2.3] injecting env (2) from .env.test -- tip: Â­Æ’Ã¸Ã¡Â´Â©Ã…  run anywhere with `dotenvx run -- yourcommand`
test: 
test: [90mstdout[2m | src/actions/__tests__/guild-raids.test.ts
test: [22m[39m[dotenv@17.2.3] injecting env (2) from .env.test -- tip: Ã”Â£Ã  audit secrets and track compliance: https://dotenvx.com/ops
test: 
test: [90mstdout[2m | src/actions/__tests__/strava.test.ts
test: [22m[39m[dotenv@17.2.3] injecting env (2) from .env.test -- tip: Ã”ÃœÃ–Â´Â©Ã…  load multiple .env files with { path: ['.env.local', '.env'] }
test: 
test: [90mstdout[2m | src/actions/__tests__/guild.test.ts
test: [22m[39m[dotenv@17.2.3] injecting env (2) from .env.test -- tip: Ã”ÃœÃ–Â´Â©Ã…  enable debug logging with { debug: true }
test: 
test: [90mstdout[2m | tests/unit/buffs.test.ts
test: [22m[39m[dotenv@17.2.3] injecting env (2) from .env.test -- tip: Ã”ÃœÃ–Â´Â©Ã…  suppress all logs with { quiet: true }
test: 
test: [90mstdout[2m | src/app/api/chat/__tests__/route.test.ts
test: [22m[39m[dotenv@17.2.3] injecting env (2) from .env.test -- tip: Â­Æ’Ã¶Ã‰ prevent committing .env to code: https://dotenvx.com/precommit
test: 
test: [90mstderr[2m | src/actions/__tests__/guild-raids.test.ts[2m > [22m[2mGuild Raids Server Actions[2m > [22m[2mjoinGuildAction[2m > [22m[2mshould handle join failure
test: [22m[39mError: DB Error
test:     at C:/Users/alexa/Workspaces/IronForge/src/actions/__tests__/guild-raids.test.ts:113:53
test:     at [90mfile:///C:/Users/alexa/Workspaces/IronForge/[39mnode_modules/[4m.pnpm[24m/@vitest+runner@4.0.16/node_modules/[4m@vitest/runner[24m/dist/index.js:145:11
test:     at [90mfile:///C:/Users/alexa/Workspaces/IronForge/[39mnode_modules/[4m.pnpm[24m/@vitest+runner@4.0.16/node_modules/[4m@vitest/runner[24m/dist/index.js:915:26
test:     at [90mfile:///C:/Users/alexa/Workspaces/IronForge/[39mnode_modules/[4m.pnpm[24m/@vitest+runner@4.0.16/node_modules/[4m@vitest/runner[24m/dist/index.js:1243:20
test:     at new Promise (<anonymous>)
test:     at runWithTimeout [90m(file:///C:/Users/alexa/Workspaces/IronForge/[39mnode_modules/[4m.pnpm[24m/@vitest+runner@4.0.16/node_modules/[4m@vitest/runner[24m/dist/index.js:1209:10[90m)[39m
test:     at [90mfile:///C:/Users/alexa/Workspaces/IronForge/[39mnode_modules/[4m.pnpm[24m/@vitest+runner@4.0.16/node_modules/[4m@vitest/runner[24m/dist/index.js:1653:37
test:     at Traces.$ [90m(file:///C:/Users/alexa/Workspaces/IronForge/[39mnode_modules/[4m.pnpm[24m/vitest@4.0.16_@edge-runtime+vm@3.2.0_@opentelemetry+api@1.9.0_@types+node@16.18.11_jiti@1.21._zrck6fktfeaqfggjwbr3xpaxgu/node_modules/[4mvitest[24m/dist/chunks/traces.U4xDYhzZ.js:115:27[90m)[39m
test:     at trace [90m(file:///C:/Users/alexa/Workspaces/IronForge/[39mnode_modules/[4m.pnpm[24m/vitest@4.0.16_@edge-runtime+vm@3.2.0_@opentelemetry+api@1.9.0_@types+node@16.18.11_jiti@1.21._zrck6fktfeaqfggjwbr3xpaxgu/node_modules/[4mvitest[24m/dist/chunks/test.B8ej_ZHS.js:239:21[90m)[39m
test:     at runTest [90m(file:///C:/Users/alexa/Workspaces/IronForge/[39mnode_modules/[4m.pnpm[24m/@vitest+runner@4.0.16/node_modules/[4m@vitest/runner[24m/dist/index.js:1653:12[90m)[39m
test: 
test:  [32mÃ”Â£Ã´[39m src/app/api/chat/__tests__/route.test.ts [2m([22m[2m2 tests[22m[2m)[22m[32m 94[2mms[22m[39m
test:  [32mÃ”Â£Ã´[39m tests/unit/buffs.test.ts [2m([22m[2m7 tests[22m[2m)[22m[32m 12[2mms[22m[39m
test:  [32mÃ”Â£Ã´[39m src/actions/__tests__/guild.test.ts [2m([22m[2m6 tests[22m[2m)[22m[32m 48[2mms[22m[39m
test:  [32mÃ”Â£Ã´[39m src/actions/__tests__/guild-raids.test.ts [2m([22m[2m12 tests[22m[2m)[22m[33m 659[2mms[22m[39m
test:        [33m[2mÃ”Â£Ã´[22m[39m should detect boss kill and trigger achievement [33m 627[2mms[22m[39m
test: [90mstderr[2m | src/actions/__tests__/strava.test.ts[2m > [22m[2mStrava Server Actions[2m > [22m[2mexchangeStravaTokenAction[2m > [22m[2mshould handle axios error
test: [22m[39mStrava Token Exchange Error: Strava Down
test: 
test: [90mstdout[2m | src/actions/__tests__/strava.test.ts[2m > [22m[2mStrava Server Actions[2m > [22m[2msyncStravaActivitiesAction[2m > [22m[2mshould sync new activities
test: [22m[39mProcessing cardio for user test-user-id: Run 5km
test: 
test: [90mstderr[2m | src/actions/__tests__/strava.test.ts[2m > [22m[2mStrava Server Actions[2m > [22m[2msyncStravaActivitiesAction[2m > [22m[2mshould sync new activities
test: [22m[39mFailed to process cardio for duels Error: [vitest] No "prisma" export is defined on the "@/lib/prisma" mock. Did you forget to return it from "vi.mock"?
test: If you need to partially mock a module, you can use "importOriginal" helper inside:
test: 
test:     at VitestMocker.createError [90m(file:///C:/Users/alexa/Workspaces/IronForge/[39mnode_modules/[4m.pnpm[24m/vitest@4.0.16_@edge-runtime+vm@3.2.0_@opentelemetry+api@1.9.0_@types+node@16.18.11_jiti@1.21._zrck6fktfeaqfggjwbr3xpaxgu/node_modules/[4mvitest[24m/dist/chunks/startModuleRunner.DpqpB8k3.js:311:17[90m)[39m
test:     at Object.get [90m(file:///C:/Users/alexa/Workspaces/IronForge/[39mnode_modules/[4m.pnpm[24m/vitest@4.0.16_@edge-runtime+vm@3.2.0_@opentelemetry+api@1.9.0_@types+node@16.18.11_jiti@1.21._zrck6fktfeaqfggjwbr3xpaxgu/node_modules/[4mvitest[24m/dist/chunks/startModuleRunner.DpqpB8k3.js:384:16[90m)[39m
test:     at processUserCardioActivity (C:/Users/alexa/Workspaces/IronForge/src/actions/duel.ts:355:31)
test:     at Module.syncStravaActivitiesAction (C:/Users/alexa/Workspaces/IronForge/src/actions/strava.ts:248:15)
test: [90m    at processTicksAndRejections (node:internal/process/task_queues:103:5)[39m
test:     at C:/Users/alexa/Workspaces/IronForge/src/actions/__tests__/strava.test.ts:148:22
test:     at [90mfile:///C:/Users/alexa/Workspaces/IronForge/[39mnode_modules/[4m.pnpm[24m/@vitest+runner@4.0.16/node_modules/[4m@vitest/runner[24m/dist/index.js:915:20 {
test:   codeFrame: [32m'vi.mock(import("@/lib/prisma"), async (importOriginal) => {\n'[39m +
test:     [32m'  const actual = await importOriginal()\n'[39m +
test:     [32m'  return {\n'[39m +
test:     [32m'    ...actual,\n'[39m +
test:     [32m'    // your mocked methods\n'[39m +
test:     [32m'  }\n'[39m +
test:     [32m'})'[39m
test: }
test: 
test:  [32mÃ”Â£Ã´[39m src/actions/__tests__/strava.test.ts [2m([22m[2m7 tests[22m[2m)[22m[32m 42[2mms[22m[39m
test: [90mstdout[2m | src/app/api/sync/__tests__/sync.test.ts
test: [22m[39m[dotenv@17.2.3] injecting env (2) from .env.test -- tip: Ã”ÃœÃ–Â´Â©Ã…  enable debug logging with { debug: true }
test: 
test: [90mstdout[2m | src/lib/territory/__tests__/tileUtils.test.ts
test: [22m[39m[dotenv@17.2.3] injecting env (2) from .env.test -- tip: Ã”ÃœÃ–Â´Â©Ã…  suppress all logs with { quiet: true }
test: 
test: [90mstdout[2m | src/services/data/__tests__/TrainingContextService.test.ts[2m > [22m[2mTrainingContextService[2m > [22m[2mgetTrainingContext[2m > [22m[2mshould return context with readiness and volume
test: [22m[39mAutoSpec: Evaluating transition from ALPHA {
test:   ctl: [33m0[39m,
test:   atl: [33m0[39m,
test:   tsb: [33m0[39m,
test:   hrv: [33m0[39m,
test:   sleepScore: [33m0[39m,
test:   bodyBattery: [33m90[39m,
test: [90mstderr[2m | src/services/data/__tests__/TrainingContextService.test.ts[2m > [22m[2mTrainingContextService[2m > [22m[2mgetTrainingContext[2m > [22m[2mshould return context with readiness and volume
test:   strengthDelta: [33m0[39m,
test:   consecutiveStalls: [33m0[39m,
test: [22m[39mAutoSpec: CRITICAL STRESS. FORCE DELOAD.
test:   weeksInPhase: [33m0[39m,
test:   nutritionMode: [32m'MAINTENANCE'[39m,
test:   sleepDebt: [33m0[39m,
test:   acwr: [33m1[39m,
test:   junkMilePercent: [33m0[39m,
test:   neuralLoad: [33m0[39m,
test:   impactLoad: [33m0[39m,
test:   interferenceEvents: [33m0[39m
test: }
test: 
test: 
test: [90mstdout[2m | src/services/data/__tests__/TrainingContextService.test.ts[2m > [22m[2mTrainingContextService[2m > [22m[2mgetTrainingContext[2m > [22m[2mshould trigger warnings for low recovery
test: [90mstderr[2m | src/services/data/__tests__/TrainingContextService.test.ts[2m > [22m[2mTrainingContextService[2m > [22m[2mgetTrainingContext[2m > [22m[2mshould detect high cardio fatigue
test: [22m[39mAutoSpec: Evaluating transition from ALPHA {
test: [22m[39mAutoSpec: CRITICAL STRESS. FORCE DELOAD.
test:   ctl: [33m0[39m,
test:   atl: [33m0[39m,
test:   tsb: [33m0[39m,
test:   hrv: [33m50[39m,
test:   sleepScore: [33m0[39m,
test:   bodyBattery: [33m20[39m,
test:   strengthDelta: [33m0[39m,
test:   consecutiveStalls: [33m0[39m,
test:   weeksInPhase: [33m0[39m,
test:   nutritionMode: [32m'MAINTENANCE'[39m,
test:   sleepDebt: [33m0[39m,
test:   acwr: [33m1[39m,
test:   junkMilePercent: [33m0[39m,
test:   neuralLoad: [33m0[39m,
test:   impactLoad: [33m0[39m,
test:   interferenceEvents: [33m0[39m
test: }
test: 
test: 
test: [90mstdout[2m | src/services/data/__tests__/TrainingContextService.test.ts[2m > [22m[2mTrainingContextService[2m > [22m[2mgetTrainingContext[2m > [22m[2mshould detect high cardio fatigue
test: [22m[39mAutoSpec: Evaluating transition from ALPHA {
test:   ctl: [33m0[39m,
test:   atl: [33m0[39m,
test:   tsb: [33m0[39m,
test:   hrv: [33m0[39m,
test:   sleepScore: [33m0[39m,
test:   bodyBattery: [33m80[39m,
test:   strengthDelta: [33m0[39m,
test:   consecutiveStalls: [33m0[39m,
test:   weeksInPhase: [33m0[39m,
test:   nutritionMode: [32m'MAINTENANCE'[39m,
test:   sleepDebt: [33m0[39m,
test:   acwr: [33m1[39m,
test:   junkMilePercent: [33m0[39m,
test:   neuralLoad: [33m0[39m,
test:   impactLoad: [33m0[39m,
test:   interferenceEvents: [33m0[39m
test: }
test: 
test:  [31mÃ”Ã˜Â»[39m src/services/data/__tests__/TrainingContextService.test.ts [2m([22m[2m9 tests[22m[2m | [22m[31m2 failed[39m[2m)[22m[32m 41[2mms[22m[39m
test:        [32mÃ”Â£Ã´[39m should aggregate volume correctly by muscle group[32m 7[2mms[22m[39m
test:        [32mÃ”Â£Ã´[39m should handle mapped muscle groups if explicit group is missing[32m 1[2mms[22m[39m
test: [31m       [31mâ”œÃ¹[31m should return context with readiness and volume[39m[32m 22[2mms[22m[39m
test:        [32mÃ”Â£Ã´[39m should trigger warnings for low recovery[32m 2[2mms[22m[39m
test: [31m       [31mâ”œÃ¹[31m should detect high cardio fatigue[39m[32m 3[2mms[22m[39m
test:        [32mÃ”Â£Ã´[39m should return HIGH for Heavy Deadlifts[32m 1[2mms[22m[39m
test:        [32mÃ”Â£Ã´[39m should return LOW for Light Curls[32m 0[2mms[22m[39m
test:        [32mÃ”Â£Ã´[39m should return MEDIUM for Moderate Bench[32m 0[2mms[22m[39m
test:        [32mÃ”Â£Ã´[39m should return HIGH for RPE 10 Squats[32m 0[2mms[22m[39m
test: [90mstdout[2m | src/actions/__tests__/challenges.test.ts
test: [22m[39m[dotenv@17.2.3] injecting env (2) from .env.test -- tip: Ã”ÃœÃ–Â´Â©Ã…  write to custom object with { processEnv: myObject }
test: 
test:  [31mÃ”Ã˜Â»[39m src/services/__tests__/oracle.test.ts [2m([22m[2m3 tests[22m[2m | [22m[31m1 failed[39m[2m)[22m[32m 25[2mms[22m[39m
test:      [32mÃ”Â£Ã´[39m should return Decree of Preservation if injured[32m 6[2mms[22m[39m
test:      [32mÃ”Â£Ã´[39m should return Decree of Rest if Body Battery is low[32m 1[2mms[22m[39m
test: [31m     [31mâ”œÃ¹[31m should return Decree of Power if conditions are perfect[39m[32m 14[2mms[22m[39m
test:  [32mÃ”Â£Ã´[39m src/actions/__tests__/titan.test.ts [2m([22m[2m8 tests[22m[2m)[22m[32m 102[2mms[22m[39m
test: [90mstdout[2m | src/actions/__tests__/social.test.ts
test: [22m[39m[dotenv@17.2.3] injecting env (2) from .env.test -- tip: Â­Æ’Ã¶Ã‰ prevent building .env in docker: https://dotenvx.com/prebuild
test: 
test:  [32mÃ”Â£Ã´[39m src/lib/territory/__tests__/tileUtils.test.ts [2m([22m[2m4 tests[22m[2m)[22m[32m 31[2mms[22m[39m
test: [90mstdout[2m | src/actions/__tests__/combat.test.ts
test: [22m[39m[dotenv@17.2.3] injecting env (2) from .env.test -- tip: Ã”ÃœÃ–Â´Â©Ã…  suppress all logs with { quiet: true }
test: 
test: [90mstderr[2m | src/app/api/sync/__tests__/sync.test.ts[2m > [22m[2mSync API Route (Logs)[2m > [22m[2mshould handle server error
test: [22m[39mLog API Error: Error: DB Error
test:     at C:/Users/alexa/Workspaces/IronForge/src/app/api/sync/__tests__/sync.test.ts:86:7
test:     at [90mfile:///C:/Users/alexa/Workspaces/IronForge/[39mnode_modules/[4m.pnpm[24m/@vitest+runner@4.0.16/node_modules/[4m@vitest/runner[24m/dist/index.js:145:11
test:     at [90mfile:///C:/Users/alexa/Workspaces/IronForge/[39mnode_modules/[4m.pnpm[24m/@vitest+runner@4.0.16/node_modules/[4m@vitest/runner[24m/dist/index.js:915:26
test:     at [90mfile:///C:/Users/alexa/Workspaces/IronForge/[39mnode_modules/[4m.pnpm[24m/@vitest+runner@4.0.16/node_modules/[4m@vitest/runner[24m/dist/index.js:1243:20
test:     at new Promise (<anonymous>)
test:     at runWithTimeout [90m(file:///C:/Users/alexa/Workspaces/IronForge/[39mnode_modules/[4m.pnpm[24m/@vitest+runner@4.0.16/node_modules/[4m@vitest/runner[24m/dist/index.js:1209:10[90m)[39m
test:     at [90mfile:///C:/Users/alexa/Workspaces/IronForge/[39mnode_modules/[4m.pnpm[24m/@vitest+runner@4.0.16/node_modules/[4m@vitest/runner[24m/dist/index.js:1653:37
test:     at Traces.$ [90m(file:///C:/Users/alexa/Workspaces/IronForge/[39mnode_modules/[4m.pnpm[24m/vitest@4.0.16_@edge-runtime+vm@3.2.0_@opentelemetry+api@1.9.0_@types+node@16.18.11_jiti@1.21._zrck6fktfeaqfggjwbr3xpaxgu/node_modules/[4mvitest[24m/dist/chunks/traces.U4xDYhzZ.js:115:27[90m)[39m
test:     at trace [90m(file:///C:/Users/alexa/Workspaces/IronForge/[39mnode_modules/[4m.pnpm[24m/vitest@4.0.16_@edge-runtime+vm@3.2.0_@opentelemetry+api@1.9.0_@types+node@16.18.11_jiti@1.21._zrck6fktfeaqfggjwbr3xpaxgu/node_modules/[4mvitest[24m/dist/chunks/test.B8ej_ZHS.js:239:21[90m)[39m
test:     at runTest [90m(file:///C:/Users/alexa/Workspaces/IronForge/[39mnode_modules/[4m.pnpm[24m/@vitest+runner@4.0.16/node_modules/[4m@vitest/runner[24m/dist/index.js:1653:12[90m)[39m
test: 
test:  [32mÃ”Â£Ã´[39m src/app/api/sync/__tests__/sync.test.ts [2m([22m[2m4 tests[22m[2m)[22m[32m 34[2mms[22m[39m
test:  [32mÃ”Â£Ã´[39m src/actions/__tests__/social.test.ts [2m([22m[2m7 tests[22m[2m)[22m[32m 25[2mms[22m[39m
test: [90mstdout[2m | src/actions/__tests__/duel.test.ts
test: [22m[39m[dotenv@17.2.3] injecting env (2) from .env.test -- tip: Â­Æ’Ã¶Ã¤ add secrets lifecycle management: https://dotenvx.com/ops
test: 
test:  [32mÃ”Â£Ã´[39m src/actions/__tests__/challenges.test.ts [2m([22m[2m6 tests[22m[2m)[22m[32m 31[2mms[22m[39m
test: [90mstdout[2m | src/actions/__tests__/training.test.ts
test: [22m[39m[dotenv@17.2.3] injecting env (2) from .env.test -- tip: Ã”ÃœÃ–Â´Â©Ã…  suppress all logs with { quiet: true }
test: 
test: [90mstdout[2m | src/actions/__tests__/progression.test.ts
test: [22m[39m[dotenv@17.2.3] injecting env (2) from .env.test -- tip: Â­Æ’Ã¹Ã©Â´Â©Ã… backup and recover secrets: https://dotenvx.com/ops
test: 
test: [90mstdout[2m | src/components/__tests__/SkillTree.test.tsx
test: [22m[39m[dotenv@17.2.3] injecting env (2) from .env.test -- tip: Ã”ÃœÃ–Â´Â©Ã…  enable debug logging with { debug: true }
test: 
test:  [32mÃ”Â£Ã´[39m src/actions/__tests__/duel.test.ts [2m([22m[2m8 tests[22m[2m)[22m[32m 28[2mms[22m[39m
test: [90mstdout[2m | src/actions/__tests__/logger.test.ts
test: [22m[39m[dotenv@17.2.3] injecting env (2) from .env.test -- tip: Ã”ÃœÃ–Â´Â©Ã…  load multiple .env files with { path: ['.env.local', '.env'] }
test: 
test: [90mstdout[2m | src/actions/__tests__/integrations.test.ts
test: [22m[39m[dotenv@17.2.3] injecting env (2) from .env.test -- tip: Ã”ÃœÃ–Â´Â©Ã…  load multiple .env files with { path: ['.env.local', '.env'] }
test: 
test: [90mstdout[2m | src/features/dashboard/__tests__/DashboardClient.test.tsx
test: [22m[39m[dotenv@17.2.3] injecting env (2) from .env.test -- tip: Â­Æ’Ã¦Ã‘ sync secrets across teammates & machines: https://dotenvx.com/ops
test: 
test: [90mstderr[2m | src/actions/__tests__/progression.test.ts[2m > [22m[2mProgression Actions[2m > [22m[2mgetProgressionAction[2m > [22m[2mshould return null when unauthorized
test: [22m[39mProgression Action Error: Error: Unauthorized
test:     at Module.getProgressionAction (C:/Users/alexa/Workspaces/IronForge/src/actions/progression.ts:13:22)
test: [90m    at processTicksAndRejections (node:internal/process/task_queues:103:5)[39m
test:     at C:/Users/alexa/Workspaces/IronForge/src/actions/__tests__/progression.test.ts:45:22
test:     at [90mfile:///C:/Users/alexa/Workspaces/IronForge/[39mnode_modules/[4m.pnpm[24m/@vitest+runner@4.0.16/node_modules/[4m@vitest/runner[24m/dist/index.js:915:20
test: 
test: [90mstderr[2m | src/actions/__tests__/progression.test.ts[2m > [22m[2mProgression Actions[2m > [22m[2mgetProgressionAction[2m > [22m[2mshould handle service errors
test: [22m[39mProgression Action Error: Error: Service Error
test:     at C:/Users/alexa/Workspaces/IronForge/src/actions/__tests__/progression.test.ts:53:9
test:     at [90mfile:///C:/Users/alexa/Workspaces/IronForge/[39mnode_modules/[4m.pnpm[24m/@vitest+runner@4.0.16/node_modules/[4m@vitest/runner[24m/dist/index.js:145:11
test:     at [90mfile:///C:/Users/alexa/Workspaces/IronForge/[39mnode_modules/[4m.pnpm[24m/@vitest+runner@4.0.16/node_modules/[4m@vitest/runner[24m/dist/index.js:915:26
test:     at [90mfile:///C:/Users/alexa/Workspaces/IronForge/[39mnode_modules/[4m.pnpm[24m/@vitest+runner@4.0.16/node_modules/[4m@vitest/runner[24m/dist/index.js:1243:20
test:     at new Promise (<anonymous>)
test:     at runWithTimeout [90m(file:///C:/Users/alexa/Workspaces/IronForge/[39mnode_modules/[4m.pnpm[24m/@vitest+runner@4.0.16/node_modules/[4m@vitest/runner[24m/dist/index.js:1209:10[90m)[39m
test:     at [90mfile:///C:/Users/alexa/Workspaces/IronForge/[39mnode_modules/[4m.pnpm[24m/@vitest+runner@4.0.16/node_modules/[4m@vitest/runner[24m/dist/index.js:1653:37
test:     at Traces.$ [90m(file:///C:/Users/alexa/Workspaces/IronForge/[39mnode_modules/[4m.pnpm[24m/vitest@4.0.16_@edge-runtime+vm@3.2.0_@opentelemetry+api@1.9.0_@types+node@16.18.11_jiti@1.21._zrck6fktfeaqfggjwbr3xpaxgu/node_modules/[4mvitest[24m/dist/chunks/traces.U4xDYhzZ.js:115:27[90m)[39m
test:     at trace [90m(file:///C:/Users/alexa/Workspaces/IronForge/[39mnode_modules/[4m.pnpm[24m/vitest@4.0.16_@edge-runtime+vm@3.2.0_@opentelemetry+api@1.9.0_@types+node@16.18.11_jiti@1.21._zrck6fktfeaqfggjwbr3xpaxgu/node_modules/[4mvitest[24m/dist/chunks/test.B8ej_ZHS.js:239:21[90m)[39m
test:     at runTest [90m(file:///C:/Users/alexa/Workspaces/IronForge/[39mnode_modules/[4m.pnpm[24m/@vitest+runner@4.0.16/node_modules/[4m@vitest/runner[24m/dist/index.js:1653:12[90m)[39m
test: 
test: [90mstderr[2m | src/actions/__tests__/progression.test.ts[2m > [22m[2mProgression Actions[2m > [22m[2mawardGoldAction[2m > [22m[2mshould return null for invalid input (Zod validation)
test: [22m[39mAward Gold Action Error: Error: Validation Failed
test:     at C:/Users/alexa/Workspaces/IronForge/src/actions/__tests__/progression.test.ts:89:9
test:     at [90mfile:///C:/Users/alexa/Workspaces/IronForge/[39mnode_modules/[4m.pnpm[24m/@vitest+runner@4.0.16/node_modules/[4m@vitest/runner[24m/dist/index.js:145:11
test:     at [90mfile:///C:/Users/alexa/Workspaces/IronForge/[39mnode_modules/[4m.pnpm[24m/@vitest+runner@4.0.16/node_modules/[4m@vitest/runner[24m/dist/index.js:915:26
test:     at [90mfile:///C:/Users/alexa/Workspaces/IronForge/[39mnode_modules/[4m.pnpm[24m/@vitest+runner@4.0.16/node_modules/[4m@vitest/runner[24m/dist/index.js:1243:20
test:     at new Promise (<anonymous>)
test:     at runWithTimeout [90m(file:///C:/Users/alexa/Workspaces/IronForge/[39mnode_modules/[4m.pnpm[24m/@vitest+runner@4.0.16/node_modules/[4m@vitest/runner[24m/dist/index.js:1209:10[90m)[39m
test:     at [90mfile:///C:/Users/alexa/Workspaces/IronForge/[39mnode_modules/[4m.pnpm[24m/@vitest+runner@4.0.16/node_modules/[4m@vitest/runner[24m/dist/index.js:1653:37
test:     at Traces.$ [90m(file:///C:/Users/alexa/Workspaces/IronForge/[39mnode_modules/[4m.pnpm[24m/vitest@4.0.16_@edge-runtime+vm@3.2.0_@opentelemetry+api@1.9.0_@types+node@16.18.11_jiti@1.21._zrck6fktfeaqfggjwbr3xpaxgu/node_modules/[4mvitest[24m/dist/chunks/traces.U4xDYhzZ.js:115:27[90m)[39m
test:     at trace [90m(file:///C:/Users/alexa/Workspaces/IronForge/[39mnode_modules/[4m.pnpm[24m/vitest@4.0.16_@edge-runtime+vm@3.2.0_@opentelemetry+api@1.9.0_@types+node@16.18.11_jiti@1.21._zrck6fktfeaqfggjwbr3xpaxgu/node_modules/[4mvitest[24m/dist/chunks/test.B8ej_ZHS.js:239:21[90m)[39m
test:     at runTest [90m(file:///C:/Users/alexa/Workspaces/IronForge/[39mnode_modules/[4m.pnpm[24m/@vitest+runner@4.0.16/node_modules/[4m@vitest/runner[24m/dist/index.js:1653:12[90m)[39m
test: 
test: [90mstderr[2m | src/actions/__tests__/progression.test.ts[2m > [22m[2mProgression Actions[2m > [22m[2mawardGoldAction[2m > [22m[2mshould return null when unauthorized
test: [22m[39mAward Gold Action Error: Error: Unauthorized
test:     at Module.awardGoldAction (C:/Users/alexa/Workspaces/IronForge/src/actions/progression.ts:28:22)
test: [90m    at processTicksAndRejections (node:internal/process/task_queues:103:5)[39m
test:     at C:/Users/alexa/Workspaces/IronForge/src/actions/__tests__/progression.test.ts:97:22
test:     at [90mfile:///C:/Users/alexa/Workspaces/IronForge/[39mnode_modules/[4m.pnpm[24m/@vitest+runner@4.0.16/node_modules/[4m@vitest/runner[24m/dist/index.js:915:20
test: 
test:  [32mÃ”Â£Ã´[39m src/actions/__tests__/progression.test.ts [2m([22m[2m6 tests[22m[2m)[22m[32m 28[2mms[22m[39m
test:  [32mÃ”Â£Ã´[39m src/actions/__tests__/combat.test.ts [2m([22m[2m6 tests[22m[2m)[22m[32m 25[2mms[22m[39m
test: [90mstderr[2m | src/actions/__tests__/training.test.ts[2m > [22m[2mTraining Actions[2m > [22m[2mlogTitanSet[2m > [22m[2mshould log set and award rewards
test: [22m[39mChallenge Processing Error: TypeError: Cannot read properties of undefined (reading 'findMany')
test:     at processWorkoutLog (C:/Users/alexa/Workspaces/IronForge/src/services/challengeService.ts:11:43)
test:     at Module.logTitanSet (C:/Users/alexa/Workspaces/IronForge/src/actions/training.ts:94:13)
test: [90m    at processTicksAndRejections (node:internal/process/task_queues:103:5)[39m
test:     at C:/Users/alexa/Workspaces/IronForge/src/actions/__tests__/training.test.ts:56:22
test:     at [90mfile:///C:/Users/alexa/Workspaces/IronForge/[39mnode_modules/[4m.pnpm[24m/@vitest+runner@4.0.16/node_modules/[4m@vitest/runner[24m/dist/index.js:915:20
test: 
test:  [32mÃ”Â£Ã´[39m src/actions/__tests__/training.test.ts [2m([22m[2m4 tests[22m[2m)[22m[32m 25[2mms[22m[39m
test: [90mstdout[2m | src/features/training/__tests__/TvMode.test.tsx
test: [22m[39m[dotenv@17.2.3] injecting env (2) from .env.test -- tip: Â­Æ’Ã¶Ã‰ prevent committing .env to code: https://dotenvx.com/precommit
test: 
test:  [32mÃ”Â£Ã´[39m src/actions/__tests__/logger.test.ts [2m([22m[2m4 tests[22m[2m)[22m[32m 26[2mms[22m[39m
test:  [32mÃ”Â£Ã´[39m src/actions/__tests__/integrations.test.ts [2m([22m[2m9 tests[22m[2m)[22m[32m 19[2mms[22m[39m
test: [90mstdout[2m | src/actions/__tests__/account.test.ts
test: [22m[39m[dotenv@17.2.3] injecting env (2) from .env.test -- tip: Â­Æ’Ã¶Ã‰ encrypt with Dotenvx: https://dotenvx.com
test: 
test: [90mstderr[2m | src/actions/__tests__/account.test.ts[2m > [22m[2maccount actions[2m > [22m[2mdeleteAccountAction[2m > [22m[2mshould handle errors gracefully
test: [22m[39mFailed to delete account: Error: DB Error
test:     at C:/Users/alexa/Workspaces/IronForge/src/actions/__tests__/account.test.ts:67:53
test:     at [90mfile:///C:/Users/alexa/Workspaces/IronForge/[39mnode_modules/[4m.pnpm[24m/@vitest+runner@4.0.16/node_modules/[4m@vitest/runner[24m/dist/index.js:145:11
test:     at [90mfile:///C:/Users/alexa/Workspaces/IronForge/[39mnode_modules/[4m.pnpm[24m/@vitest+runner@4.0.16/node_modules/[4m@vitest/runner[24m/dist/index.js:915:26
test:     at [90mfile:///C:/Users/alexa/Workspaces/IronForge/[39mnode_modules/[4m.pnpm[24m/@vitest+runner@4.0.16/node_modules/[4m@vitest/runner[24m/dist/index.js:1243:20
test:     at new Promise (<anonymous>)
test:     at runWithTimeout [90m(file:///C:/Users/alexa/Workspaces/IronForge/[39mnode_modules/[4m.pnpm[24m/@vitest+runner@4.0.16/node_modules/[4m@vitest/runner[24m/dist/index.js:1209:10[90m)[39m
test:     at [90mfile:///C:/Users/alexa/Workspaces/IronForge/[39mnode_modules/[4m.pnpm[24m/@vitest+runner@4.0.16/node_modules/[4m@vitest/runner[24m/dist/index.js:1653:37
test:     at Traces.$ [90m(file:///C:/Users/alexa/Workspaces/IronForge/[39mnode_modules/[4m.pnpm[24m/vitest@4.0.16_@edge-runtime+vm@3.2.0_@opentelemetry+api@1.9.0_@types+node@16.18.11_jiti@1.21._zrck6fktfeaqfggjwbr3xpaxgu/node_modules/[4mvitest[24m/dist/chunks/traces.U4xDYhzZ.js:115:27[90m)[39m
test:     at trace [90m(file:///C:/Users/alexa/Workspaces/IronForge/[39mnode_modules/[4m.pnpm[24m/vitest@4.0.16_@edge-runtime+vm@3.2.0_@opentelemetry+api@1.9.0_@types+node@16.18.11_jiti@1.21._zrck6fktfeaqfggjwbr3xpaxgu/node_modules/[4mvitest[24m/dist/chunks/test.B8ej_ZHS.js:239:21[90m)[39m
test:     at runTest [90m(file:///C:/Users/alexa/Workspaces/IronForge/[39mnode_modules/[4m.pnpm[24m/@vitest+runner@4.0.16/node_modules/[4m@vitest/runner[24m/dist/index.js:1653:12[90m)[39m
test:  [32mÃ”Â£Ã´[39m src/actions/__tests__/account.test.ts [2m([22m[2m4 tests[22m[2m)[22m[32m 19[2mms[22m[39m
test: 
test: [90mstdout[2m | src/actions/__tests__/onboarding.test.ts
test: [22m[39m[dotenv@17.2.3] injecting env (2) from .env.test -- tip: Â­Æ’Ã¸Ã¡Â´Â©Ã…  run anywhere with `dotenvx run -- yourcommand`
test: 
test: [90mstdout[2m | src/actions/__tests__/validation.test.ts
test: [22m[39m[dotenv@17.2.3] injecting env (2) from .env.test -- tip: Ã”ÃœÃ–Â´Â©Ã…  specify custom .env file path with { path: '/custom/path/.env' }
test: 
test: [90mstdout[2m | tests/unit/leaderboard.test.ts
test: [22m[39m[dotenv@17.2.3] injecting env (2) from .env.test -- tip: Ã”ÃœÃ–Â´Â©Ã…  write to custom object with { processEnv: myObject }
test: 
test: [90mstdout[2m | src/actions/__tests__/hevy_import.test.ts
test: [22m[39m[dotenv@17.2.3] injecting env (2) from .env.test -- tip: Â­Æ’Ã¶Ã‰ encrypt with Dotenvx: https://dotenvx.com
test: 
test: [90mstdout[2m | src/actions/__tests__/achievements.test.ts
test: [22m[39m[dotenv@17.2.3] injecting env (2) from .env.test -- tip: Â­Æ’Ã¶Ã‰ prevent committing .env to code: https://dotenvx.com/precommit
test: 
test: [90mstdout[2m | src/services/__tests__/trainingMemoryManager.test.ts
test: [22m[39m[dotenv@17.2.3] injecting env (2) from .env.test -- tip: Ã”ÃœÃ–Â´Â©Ã…  write to custom object with { processEnv: myObject }
test: 
test: [90mstdout[2m | src/actions/__tests__/intervals.test.ts
test: [22m[39m[dotenv@17.2.3] injecting env (2) from .env.test -- tip: Ã”ÃœÃ–Â´Â©Ã…  specify custom .env file path with { path: '/custom/path/.env' }
test: 
test: [90mstdout[2m | src/actions/__tests__/gauntlet.test.ts
test: [22m[39m[dotenv@17.2.3] injecting env (2) from .env.test -- tip: Ã”ÃœÃ–Â´Â©Ã…  suppress all logs with { quiet: true }
test: 
test: [90mstderr[2m | src/actions/__tests__/onboarding.test.ts[2m > [22m[2mOnboarding Server Actions[2m > [22m[2mcompleteOnboardingAction[2m > [22m[2mshould handle progression service errors gracefully
test: [22m[39mFailed to complete onboarding: Error: DB Error
test:     at C:/Users/alexa/Workspaces/IronForge/src/actions/__tests__/onboarding.test.ts:80:9
test:     at [90mfile:///C:/Users/alexa/Workspaces/IronForge/[39mnode_modules/[4m.pnpm[24m/@vitest+runner@4.0.16/node_modules/[4m@vitest/runner[24m/dist/index.js:145:11
test:     at [90mfile:///C:/Users/alexa/Workspaces/IronForge/[39mnode_modules/[4m.pnpm[24m/@vitest+runner@4.0.16/node_modules/[4m@vitest/runner[24m/dist/index.js:915:26
test:     at [90mfile:///C:/Users/alexa/Workspaces/IronForge/[39mnode_modules/[4m.pnpm[24m/@vitest+runner@4.0.16/node_modules/[4m@vitest/runner[24m/dist/index.js:1243:20
test:     at new Promise (<anonymous>)
test:     at runWithTimeout [90m(file:///C:/Users/alexa/Workspaces/IronForge/[39mnode_modules/[4m.pnpm[24m/@vitest+runner@4.0.16/node_modules/[4m@vitest/runner[24m/dist/index.js:1209:10[90m)[39m
test:     at [90mfile:///C:/Users/alexa/Workspaces/IronForge/[39mnode_modules/[4m.pnpm[24m/@vitest+runner@4.0.16/node_modules/[4m@vitest/runner[24m/dist/index.js:1653:37
test:     at Traces.$ [90m(file:///C:/Users/alexa/Workspaces/IronForge/[39mnode_modules/[4m.pnpm[24m/vitest@4.0.16_@edge-runtime+vm@3.2.0_@opentelemetry+api@1.9.0_@types+node@16.18.11_jiti@1.21._zrck6fktfeaqfggjwbr3xpaxgu/node_modules/[4mvitest[24m/dist/chunks/traces.U4xDYhzZ.js:115:27[90m)[39m
test:     at trace [90m(file:///C:/Users/alexa/Workspaces/IronForge/[39mnode_modules/[4m.pnpm[24m/vitest@4.0.16_@edge-runtime+vm@3.2.0_@opentelemetry+api@1.9.0_@types+node@16.18.11_jiti@1.21._zrck6fktfeaqfggjwbr3xpaxgu/node_modules/[4mvitest[24m/dist/chunks/test.B8ej_ZHS.js:239:21[90m)[39m
test:     at runTest [90m(file:///C:/Users/alexa/Workspaces/IronForge/[39mnode_modules/[4m.pnpm[24m/@vitest+runner@4.0.16/node_modules/[4m@vitest/runner[24m/dist/index.js:1653:12[90m)[39m
test: 
test:  [32mÃ”Â£Ã´[39m src/actions/__tests__/onboarding.test.ts [2m([22m[2m3 tests[22m[2m)[22m[32m 16[2mms[22m[39m
test:  [32mÃ”Â£Ã´[39m tests/unit/leaderboard.test.ts [2m([22m[2m4 tests[22m[2m)[22m[32m 13[2mms[22m[39m
test: [90mstderr[2m | src/actions/__tests__/intervals.test.ts[2m > [22m[2mIntervals Actions[2m > [22m[2mgetWellnessAction[2m > [22m[2mshould return empty object on error
test: [22m[39mServer Action Intervals Wellness Error: API Error
test: 
test:  [32mÃ”Â£Ã´[39m src/actions/__tests__/intervals.test.ts [2m([22m[2m8 tests[22m[2m)[22m[32m 17[2mms[22m[39m
test: [90mstderr[2m | src/actions/__tests__/intervals.test.ts[2m > [22m[2mIntervals Actions[2m > [22m[2mgetWellnessAction[2m > [22m[2mshould return empty object if user not connected
test: [22m[39mServer Action Intervals Wellness Error: Intervals.icu not connected
test: 
test: [90mstderr[2m | src/actions/__tests__/intervals.test.ts[2m > [22m[2mIntervals Actions[2m > [22m[2mgetAthleteSettingsAction[2m > [22m[2mshould return null on failure
test: [22m[39mServer Action Intervals Settings Error: Fail
test: 
test:  [32mÃ”Â£Ã´[39m src/actions/__tests__/gauntlet.test.ts [2m([22m[2m6 tests[22m[2m)[22m[32m 14[2mms[22m[39m
test:  [32mÃ”Â£Ã´[39m src/actions/__tests__/achievements.test.ts [2m([22m[2m7 tests[22m[2m)[22m[32m 14[2mms[22m[39m
test:  [32mÃ”Â£Ã´[39m src/services/__tests__/trainingMemoryManager.test.ts [2m([22m[2m15 tests[22m[2m)[22m[32m 15[2mms[22m[39m
test:  [32mÃ”Â£Ã´[39m src/actions/__tests__/hevy_import.test.ts [2m([22m[2m2 tests[22m[2m)[22m[32m 17[2mms[22m[39m
test: [90mstdout[2m | src/services/__tests__/progression.test.ts
test: [22m[39m[dotenv@17.2.3] injecting env (2) from .env.test -- tip: Ã”ÃœÃ–Â´Â©Ã…  enable debug logging with { debug: true }
test: 
test: [90mstdout[2m | src/actions/__tests__/world.test.ts
test: [22m[39m[dotenv@17.2.3] injecting env (2) from .env.test -- tip: Ã”ÃœÃ–Â´Â©Ã…  suppress all logs with { quiet: true }
test: 
test:  [32mÃ”Â£Ã´[39m src/services/__tests__/progression.test.ts [2m([22m[2m2 tests[22m[2m)[22m[32m 13[2mms[22m[39m
test: [90mstdout[2m | tests/unit/apre.test.ts
test: [22m[39m[dotenv@17.2.3] injecting env (2) from .env.test -- tip: Â­Æ’Ã¶Ã¤ add secrets lifecycle management: https://dotenvx.com/ops
test: 
test: [90mstdout[2m | src/utils/__tests__/combatMechanics.test.ts
test: [22m[39m[dotenv@17.2.3] injecting env (2) from .env.test -- tip: Â­Æ’Ã¶Ã¦ add access controls to secrets: https://dotenvx.com/ops
test: 
test:  [32mÃ”Â£Ã´[39m src/actions/__tests__/world.test.ts [2m([22m[2m5 tests[22m[2m)[22m[32m 14[2mms[22m[39m
test: [90mstdout[2m | src/actions/__tests__/pvp.test.ts
test: [22m[39m[dotenv@17.2.3] injecting env (2) from .env.test -- tip: Ã”ÃœÃ–Â´Â©Ã…  load multiple .env files with { path: ['.env.local', '.env'] }
test: 
test:  [32mÃ”Â£Ã´[39m tests/unit/apre.test.ts [2m([22m[2m11 tests[22m[2m)[22m[32m 14[2mms[22m[39m
test:  [32mÃ”Â£Ã´[39m src/actions/__tests__/validation.test.ts [2m([22m[2m5 tests[22m[2m)[22m[32m 20[2mms[22m[39m
test: [90mstdout[2m | tests/unit/combatMechanics.test.ts
test: [22m[39m[dotenv@17.2.3] injecting env (2) from .env.test -- tip: Â­Æ’Ã¶Ã‰ prevent committing .env to code: https://dotenvx.com/precommit
test: 
test:  [32mÃ”Â£Ã´[39m src/utils/__tests__/combatMechanics.test.ts [2m([22m[2m12 tests[22m[2m)[22m[32m 10[2mms[22m[39m
test: [90mstdout[2m | src/actions/__tests__/pvp.test.ts[2m > [22m[2mPvP Server Actions[2m > [22m[2mcreateSegmentBattleAction[2m > [22m[2mshould create a segment battle challenge
test: [22m[39mUser user-1 challenged opponent-456 on segment segment-123
test: 
test:  [32mÃ”Â£Ã´[39m src/actions/__tests__/pvp.test.ts [2m([22m[2m6 tests[22m[2m)[22m[32m 14[2mms[22m[39m
test: [90mstdout[2m | src/actions/__tests__/forge.test.ts
test: [22m[39m[dotenv@17.2.3] injecting env (2) from .env.test -- tip: Â­Æ’Ã¶Ã¤ add secrets lifecycle management: https://dotenvx.com/ops
test: 
test:  [32mÃ”Â£Ã´[39m tests/unit/combatMechanics.test.ts [2m([22m[2m14 tests[22m[2m)[22m[32m 11[2mms[22m[39m
test: [90mstdout[2m | src/actions/__tests__/forge.test.ts[2m > [22m[2mForge Server Actions[2m > [22m[2mshould successfully craft an item if resources are sufficient
test: [22m[39m[Forge] Crafted Iron Sword for test@example.com
test: 
test:  [32mÃ”Â£Ã´[39m src/actions/__tests__/forge.test.ts [2m([22m[2m4 tests[22m[2m)[22m[32m 13[2mms[22m[39m
test: [90mstdout[2m | tests/unit/zones.test.ts
test: [22m[39m[dotenv@17.2.3] injecting env (2) from .env.test -- tip: Ã”Â£Ã  audit secrets and track compliance: https://dotenvx.com/ops
test: 
test:  [32mÃ”Â£Ã´[39m tests/unit/zones.test.ts [2m([22m[2m11 tests[22m[2m)[22m[32m 11[2mms[22m[39m
test: [90mstdout[2m | src/hooks/__tests__/useSkillEffects.test.ts
test: [22m[39m[dotenv@17.2.3] injecting env (2) from .env.test -- tip: Ã”ÃœÃ–Â´Â©Ã…  load multiple .env files with { path: ['.env.local', '.env'] }
test: 
test:  [32mÃ”Â£Ã´[39m src/components/__tests__/SkillTree.test.tsx [2m([22m[2m2 tests[22m[2m)[22m[32m 139[2mms[22m[39m
test: [90mstdout[2m | src/services/planner.test.ts
test: [22m[39m[dotenv@17.2.3] injecting env (2) from .env.test -- tip: Ã”ÃœÃ–Â´Â©Ã…  write to custom object with { processEnv: myObject }
test: 
test: [90mstdout[2m | tests/unit/volume.test.ts
test: [22m[39m[dotenv@17.2.3] injecting env (2) from .env.test -- tip: Ã”ÃœÃ–Â´Â©Ã…  suppress all logs with { quiet: true }
test: 
test: [90mstdout[2m | src/utils/__tests__/weaknessAuditor.test.ts
test: [22m[39m[dotenv@17.2.3] injecting env (2) from .env.test -- tip: Ã”Â£Ã  audit secrets and track compliance: https://dotenvx.com/ops
test: 
test:  [32mÃ”Â£Ã´[39m tests/unit/volume.test.ts [2m([22m[2m4 tests[22m[2m)[22m[32m 12[2mms[22m[39m
test: [90mstdout[2m | src/utils/__tests__/volumeCalculator.test.ts
test: [22m[39m[dotenv@17.2.3] injecting env (2) from .env.test -- tip: Ã”ÃœÃ–Â´Â©Ã…  override existing env vars with { override: true }
test: 
test: [90mstdout[2m | tests/unit/wilks.test.ts
test: [22m[39m[dotenv@17.2.3] injecting env (2) from .env.test -- tip: Â­Æ’Ã´Ã­ add observability to secrets: https://dotenvx.com/ops
test: 
test:  [32mÃ”Â£Ã´[39m src/utils/__tests__/weaknessAuditor.test.ts [2m([22m[2m4 tests[22m[2m)[22m[32m 9[2mms[22m[39m
test:  [32mÃ”Â£Ã´[39m src/hooks/__tests__/useSkillEffects.test.ts [2m([22m[2m5 tests[22m[2m)[22m[32m 9[2mms[22m[39m
test:  [32mÃ”Â£Ã´[39m tests/unit/wilks.test.ts [2m([22m[2m4 tests[22m[2m)[22m[32m 8[2mms[22m[39m
test:  [32mÃ”Â£Ã´[39m src/utils/__tests__/volumeCalculator.test.ts [2m([22m[2m4 tests[22m[2m)[22m[32m 8[2mms[22m[39m
test: [90mstdout[2m | src/services/game/__tests__/EffortCalculator.test.ts
test: [22m[39m[dotenv@17.2.3] injecting env (2) from .env.test -- tip: Â­Æ’Ã¶Ã‰ prevent building .env in docker: https://dotenvx.com/prebuild
test: 
test: [90mstdout[2m | src/services/planner.test.ts[2m > [22m[2mPlannerService[2m > [22m[2mshould generate a plan for a valid user
test: [22m[39mPlanner: Generating plan for user user1
test: 
test: [90mstdout[2m | src/services/planner.test.ts[2m > [22m[2mPlannerService[2m > [22m[2mshould generate a plan for a valid user
test: [22m[39mPlanner: Plan generated and saved for user user1
test: 
test:  [32mÃ”Â£Ã´[39m src/services/planner.test.ts [2m([22m[2m1 test[22m[2m)[22m[32m 8[2mms[22m[39m
test:  [32mÃ”Â£Ã´[39m src/services/game/__tests__/EffortCalculator.test.ts [2m([22m[2m4 tests[22m[2m)[22m[32m 7[2mms[22m[39m
test: [90mstdout[2m | src/actions/__tests__/hevy.test.ts
test: [22m[39m[dotenv@17.2.3] injecting env (2) from .env.test -- tip: Ã”ÃœÃ–Â´Â©Ã…  write to custom object with { processEnv: myObject }
test: 
test:  [32mÃ”Â£Ã´[39m src/features/training/__tests__/TvMode.test.tsx [2m([22m[2m4 tests[22m[2m)[22m[32m 270[2mms[22m[39m
test:  [2m[90mÃ”Ã¥Ã´[39m[22m src/actions/__tests__/hevy.test.ts [2m([22m[2m6 tests[22m[2m | [22m[33m6 skipped[39m[2m)[22m
test:  [32mÃ”Â£Ã´[39m src/features/dashboard/__tests__/DashboardClient.test.tsx [2m([22m[2m2 tests[22m[2m)[22m[32m 52[2mms[22m[39m
test: 
test: [31mÃ”Ã„Â»Ã”Ã„Â»Ã”Ã„Â»Ã”Ã„Â»Ã”Ã„Â»Ã”Ã„Â»Ã”Ã„Â»[39m[1m[41m Failed Tests 3 [49m[22m[31mÃ”Ã„Â»Ã”Ã„Â»Ã”Ã„Â»Ã”Ã„Â»Ã”Ã„Â»Ã”Ã„Â»Ã”Ã„Â»[39m
test: 
test: [41m[1m FAIL [22m[49m src/services/__tests__/oracle.test.ts[2m > [22mOracleService[2m > [22mshould return Decree of Power if conditions are perfect
test: [31m[1mAssertionError[22m: expected 'Decree of Velocity' to be 'Decree of Power' // Object.is equality[39m
test: 
test: Expected: [32m"Decree of [7mPower[27m"[39m
test: Received: [31m"Decree of [7mVelocity[27m"[39m
test: 
test: [36m [2mÃ”Ã˜Â»[22m src/services/__tests__/oracle.test.ts:[2m84:26[22m[39m
test:     [90m 82| [39m
test:     [90m 83| [39m    [34mexpect[39m(decree[33m.[39mtype)[33m.[39m[34mtoBe[39m([32m"BUFF"[39m)[33m;[39m
test:     [90m 84| [39m    [34mexpect[39m(decree[33m.[39mlabel)[33m.[39m[34mtoBe[39m([32m"Decree of Power"[39m)[33m;[39m
test:     [90m   | [39m                         [31m^[39m
test:     [90m 85| [39m  })[33m;[39m
test:     [90m 86| [39m})[33m;[39m
test: 
test: [31m[2mÃ”Ã„Â»Ã”Ã„Â»Ã”Ã„Â»Ã”Ã„Â»Ã”Ã„Â»Ã”Ã„Â»Ã”Ã„Â»Ã”Ã„Â»Ã”Ã„Â»Ã”Ã„Â»Ã”Ã„Â»Ã”Ã„Â»Ã”Ã„Â»Ã”Ã„Â»Ã”Ã„Â»Ã”Ã„Â»Ã”Ã„Â»Ã”Ã„Â»Ã”Ã„Â»Ã”Ã„Â»Ã”Ã„Â»Ã”Ã„Â»Ã”Ã„Â»Ã”Ã„Â»[1/3]Ã”Ã„Â»[22m[39m
test: 
test: [41m[1m FAIL [22m[49m src/services/data/__tests__/TrainingContextService.test.ts[2m > [22mTrainingContextService[2m > [22mgetTrainingContext[2m > [22mshould return context with readiness and volume
test: [31m[1mAssertionError[22m: expected [ Array(1) ] to have a length of +0 but got 1[39m
test: 
test: [32m- Expected[39m
test: [31m+ Received[39m
test: 
test: [32m- 0[39m
test: [31m+ 1[39m
test: 
test: [36m [2mÃ”Ã˜Â»[22m src/services/data/__tests__/TrainingContextService.test.ts:[2m87:38[22m[39m
test:     [90m 85| [39m            [34mexpect[39m(context[33m.[39mreadiness)[33m.[39m[34mtoBe[39m([32m"HIGH"[39m)[33m;[39m
test:     [90m 86| [39m            [34mexpect[39m(context[33m.[39mcnsFatigue)[33m.[39m[34mtoBe[39m([32m"LOW"[39m)[33m;[39m
test:     [90m 87| [39m            [34mexpect[39m(context[33m.[39mwarnings)[33m.[39m[34mtoHaveLength[39m([34m0[39m)[33m;[39m
test:     [90m   | [39m                                     [31m^[39m
test:     [90m 88| [39m        })[33m;[39m
test:     [90m 89| [39m
test: 
test: [31m[2mÃ”Ã„Â»Ã”Ã„Â»Ã”Ã„Â»Ã”Ã„Â»Ã”Ã„Â»Ã”Ã„Â»Ã”Ã„Â»Ã”Ã„Â»Ã”Ã„Â»Ã”Ã„Â»Ã”Ã„Â»Ã”Ã„Â»Ã”Ã„Â»Ã”Ã„Â»Ã”Ã„Â»Ã”Ã„Â»Ã”Ã„Â»Ã”Ã„Â»Ã”Ã„Â»Ã”Ã„Â»Ã”Ã„Â»Ã”Ã„Â»Ã”Ã„Â»Ã”Ã„Â»[2/3]Ã”Ã„Â»[22m[39m
test: 
test: [41m[1m FAIL [22m[49m src/services/data/__tests__/TrainingContextService.test.ts[2m > [22mTrainingContextService[2m > [22mgetTrainingContext[2m > [22mshould detect high cardio fatigue
test: [31m[1mRangeError[22m: Invalid time value[39m
test: [36m [2mÃ”Ã˜Â»[22m src/services/data/TrainingContextService.ts:[2m272:58[22m[39m
test:     [90m270| [39m        [35mconst[39m cardiosByDate [33m=[39m [35mnew[39m [33mMap[39m[33m<[39mstring[33m,[39m [33mDate[39m[][33m>[39m()[33m;[39m
test:     [90m271| [39m        recentActivities[33m.[39m[34mforEach[39m(a [33m=>[39m {
test:     [90m272| [39m            const dateStr = new Date(a.start_date_local).toISOString()Ã”Ã‡Âª
test:     [90m   | [39m                                                         [31m^[39m
test:     [90m273| [39m            [35mconst[39m time [33m=[39m [35mnew[39m [33mDate[39m(a[33m.[39mstart_date_local)[33m;[39m
test:     [90m274| [39m            if (!cardiosByDate.has(dateStr)) cardiosByDate.set(dateStrÃ”Ã‡Âª
test: [90m [2mÃ”Ã˜Â»[22m TrainingContextService.getTrainingContext src/services/data/TrainingContextService.ts:[2m271:26[22m[39m
test: [90m [2mÃ”Ã˜Â»[22m src/services/data/__tests__/TrainingContextService.test.ts:[2m116:29[22m[39m
test: 
test: [31m[2mÃ”Ã„Â»Ã”Ã„Â»Ã”Ã„Â»Ã”Ã„Â»Ã”Ã„Â»Ã”Ã„Â»Ã”Ã„Â»Ã”Ã„Â»Ã”Ã„Â»Ã”Ã„Â»Ã”Ã„Â»Ã”Ã„Â»Ã”Ã„Â»Ã”Ã„Â»Ã”Ã„Â»Ã”Ã„Â»Ã”Ã„Â»Ã”Ã„Â»Ã”Ã„Â»Ã”Ã„Â»Ã”Ã„Â»Ã”Ã„Â»Ã”Ã„Â»Ã”Ã„Â»[3/3]Ã”Ã„Â»[22m[39m
test: 
test: 
test: [2m Test Files [22m [1m[31m2 failed[39m[22m[2m | [22m[1m[32m43 passed[39m[22m[2m | [22m[33m1 skipped[39m[90m (46)[39m
test: [2m      Tests [22m [1m[31m3 failed[39m[22m[2m | [22m[1m[32m262 passed[39m[22m[2m | [22m[33m6 skipped[39m[90m (271)[39m
test: [2m   Start at [22m 10:09:36
test: [2m   Duration [22m 10.86s[2m (transform 16.24s, setup 2.72s, import 34.14s, tests 2.06s, environment 9.22s)[22m
test: 
test: Ã”Ã‡Ã«ELIFECYCLEÃ”Ã‡Ã« Test failed. See above for more details.
test: ERROR: command finished with error: command (C:\Users\alexa\Workspaces\IronForge\) D:\Scoop\apps\nodejs-lts\current\bin\pnpm.cmd run test exited (1)
test: command (C:\Users\alexa\Workspaces\IronForge\) D:\Scoop\apps\nodejs-lts\current\bin\pnpm.cmd run test exited (1)

 Tasks:    0 successful, 1 total
Cached:    0 cached, 1 total
  Time:    14.063s 
Failed:    //#test

 ERROR  run failed: command  exited (1)
